<?xml version="1.0" encoding="UTF-8"?>
<!-- Generated by org.testng.reporters.JUnitReportReporter -->
<testsuite hostname="LETRUNGKIEN" failures="0" tests="4" name="com.techbeamers.testng.SaveTestNGResultToExcel" time="40.437" errors="0" timestamp="2023-04-22T13:45:05 ICT" skipped="0">
  <testcase classname="com.techbeamers.testng.SaveTestNGResultToExcel" name="LaunchWebsite" time="5.093"/>
  <system-out/>
  <testcase classname="com.techbeamers.testng.SaveTestNGResultToExcel" name="FillLoginDetails" time="1.447"/>
  <system-out/>
  <testcase classname="com.techbeamers.testng.SaveTestNGResultToExcel" name="DoLogin" time="2.437"/>
  <system-out/>
  <testcase classname="com.techbeamers.testng.SaveTestNGResultToExcel" name="LogOut" time="31.460"/>
  <system-out/>
</testsuite> <!-- com.techbeamers.testng.SaveTestNGResultToExcel -->
